<?xml version="1.0" encoding="UTF-8"?>
<!-- Generated by org.testng.reporters.JUnitXMLReporter -->
<testsuite ignored="1" hostname="DESKTOP-H8QP287" failures="0" tests="4" name="group" time="1.455" errors="0" timestamp="2024-03-02T21:20:52 IST">
  <testcase classname="TestBaseClass.BaseClass1" name="@BeforeClass setup" time="0.889">
    <failure type="java.lang.NullPointerException" message="Cannot invoke &amp;quot;org.openqa.selenium.WebDriver.manage()&amp;quot; because &amp;quot;TestBaseClass.BaseClass1.driver&amp;quot; is null">
      <![CDATA[java.lang.NullPointerException: Cannot invoke "org.openqa.selenium.WebDriver.manage()" because "TestBaseClass.BaseClass1.driver" is null
at TestBaseClass.BaseClass1.setup(BaseClass1.java:103)
at java.base/java.util.ArrayList.forEach(ArrayList.java:1511)
... Removed 23 stack frames]]>
    </failure>
  </testcase> <!-- @BeforeClass setup -->
  <testcase classname="TestBaseClass.BaseClass1" name="@AfterClass close" time="0.0">
    <skipped/>
  </testcase> <!-- @AfterClass close -->
  <testcase classname="TestBaseClass.BaseClass1" name="@BeforeClass setup" time="0.002">
    <failure type="java.lang.NullPointerException" message="Cannot invoke &amp;quot;org.openqa.selenium.WebDriver.manage()&amp;quot; because &amp;quot;TestBaseClass.BaseClass1.driver&amp;quot; is null">
      <![CDATA[java.lang.NullPointerException: Cannot invoke "org.openqa.selenium.WebDriver.manage()" because "TestBaseClass.BaseClass1.driver" is null
at TestBaseClass.BaseClass1.setup(BaseClass1.java:103)
at java.base/java.util.ArrayList.forEach(ArrayList.java:1511)
... Removed 23 stack frames]]>
    </failure>
  </testcase> <!-- @BeforeClass setup -->
  <testcase classname="TestBaseClass.BaseClass1" name="@AfterClass close" time="0.0">
    <skipped/>
  </testcase> <!-- @AfterClass close -->
  <testcase classname="TestCases.TC001_registration" name="homepage" time="0.0">
    <skipped/>
  </testcase> <!-- homepage -->
  <testcase classname="TestCases.TC001_registration" name="Registration" time="0.0">
    <skipped/>
  </testcase> <!-- Registration -->
  <testcase classname="TestCases.TC004_CartAproduct" name="login" time="0.0">
    <skipped/>
  </testcase> <!-- login -->
  <testcase classname="TestCases.TC004_CartAproduct" name="Scarch" time="0.001">
    <skipped/>
  </testcase> <!-- Scarch -->
  <testcase classname="TestCases.TC002_Login" name="logintest" time="0.0">
    <ignored/>
  </testcase> <!-- logintest -->
</testsuite> <!-- group -->
