<?xml version="1.0" encoding="UTF-8"?>
<!-- Generated by org.testng.reporters.JUnitXMLReporter -->
<testsuite ignored="0" hostname="DESKTOP-H8QP287" failures="1" tests="8" name="master1" time="160.559" errors="0" timestamp="2024-03-03T21:44:44 IST">
  <testcase classname="TestCases.TC001_registration" name="homepage" time="1.008"/>
  <testcase classname="TestCases.TC001_registration" name="Registration" time="4.108"/>
  <testcase classname="TestCases.TC002_Login" name="logintest" time="10.749"/>
  <testcase classname="TestCases.TC004_CartAproduct" name="login" time="4.649"/>
  <testcase classname="TestCases.TC004_CartAproduct" name="Scarch" time="13.59"/>
  <testcase classname="TestCases.TC005_purchase" name="login" time="4.529"/>
  <testcase classname="TestCases.TC005_purchase" name="Cart" time="10.867"/>
  <testcase classname="TestCases.TC005_purchase" name="purchase" time="13.212">
    <failure type="org.openqa.selenium.ElementNotInteractableException" message="element not interactable
  (Session info: chrome=122.0.6261.95)
Build info: version: &amp;apos;4.18.1&amp;apos;, revision: &amp;apos;b1d3319b48&amp;apos;
System info: os.name: &amp;apos;Windows 10&amp;apos;, os.arch: &amp;apos;amd64&amp;apos;, os.version: &amp;apos;10.0&amp;apos;, java.version: &amp;apos;19.0.2&amp;apos;
Driver info: org.openqa.selenium.chrome.ChromeDriver
Command: [36dc432ba9fa85de082e84b9d7578208, sendKeysToElement {value=[Ljava.lang.CharSequence;@491cafec, id=f.C0BECE9B4C3A5D3D971C6483FEC11FDF.d.D966EFDEFB26855B12A2314B06BFE7D7.e.251}]
Capabilities {acceptInsecureCerts: false, browserName: chrome, browserVersion: 122.0.6261.95, chrome: {chromedriverVersion: 122.0.6261.94 (880dbf29479c..., userDataDir: C:\Users\PARAMA~1\AppData\L...}, fedcm:accounts: true, goog:chromeOptions: {debuggerAddress: localhost:56292}, networkConnectionEnabled: false, pageLoadStrategy: normal, platformName: windows, proxy: Proxy(), se:cdp: ws://localhost:56292/devtoo..., se:cdpVersion: 122.0.6261.95, setWindowRect: true, strictFileInteractability: false, timeouts: {implicit: 0, pageLoad: 300000, script: 30000}, unhandledPromptBehavior: dismiss and notify, webauthn:extension:credBlob: true, webauthn:extension:largeBlob: true, webauthn:extension:minPinLength: true, webauthn:extension:prf: true, webauthn:virtualAuthenticators: true}
Element: [[ChromeDriver: chrome on windows (36dc432ba9fa85de082e84b9d7578208)] -&amp;gt; xpath: //input[@name=&amp;apos;BillingNewAddress.Company&amp;apos;]]
Session ID: 36dc432ba9fa85de082e84b9d7578208">
      <![CDATA[org.openqa.selenium.ElementNotInteractableException: element not interactable
  (Session info: chrome=122.0.6261.95)
Build info: version: '4.18.1', revision: 'b1d3319b48'
System info: os.name: 'Windows 10', os.arch: 'amd64', os.version: '10.0', java.version: '19.0.2'
Driver info: org.openqa.selenium.chrome.ChromeDriver
Command: [36dc432ba9fa85de082e84b9d7578208, sendKeysToElement {value=[Ljava.lang.CharSequence;@491cafec, id=f.C0BECE9B4C3A5D3D971C6483FEC11FDF.d.D966EFDEFB26855B12A2314B06BFE7D7.e.251}]
Capabilities {acceptInsecureCerts: false, browserName: chrome, browserVersion: 122.0.6261.95, chrome: {chromedriverVersion: 122.0.6261.94 (880dbf29479c..., userDataDir: C:\Users\PARAMA~1\AppData\L...}, fedcm:accounts: true, goog:chromeOptions: {debuggerAddress: localhost:56292}, networkConnectionEnabled: false, pageLoadStrategy: normal, platformName: windows, proxy: Proxy(), se:cdp: ws://localhost:56292/devtoo..., se:cdpVersion: 122.0.6261.95, setWindowRect: true, strictFileInteractability: false, timeouts: {implicit: 0, pageLoad: 300000, script: 30000}, unhandledPromptBehavior: dismiss and notify, webauthn:extension:credBlob: true, webauthn:extension:largeBlob: true, webauthn:extension:minPinLength: true, webauthn:extension:prf: true, webauthn:virtualAuthenticators: true}
Element: [[ChromeDriver: chrome on windows (36dc432ba9fa85de082e84b9d7578208)] -> xpath: //input[@name='BillingNewAddress.Company']]
Session ID: 36dc432ba9fa85de082e84b9d7578208
at org.openqa.selenium.remote.ErrorCodec.decode(ErrorCodec.java:167)
at org.openqa.selenium.remote.codec.w3c.W3CHttpResponseCodec.decode(W3CHttpResponseCodec.java:138)
at org.openqa.selenium.remote.codec.w3c.W3CHttpResponseCodec.decode(W3CHttpResponseCodec.java:50)
at org.openqa.selenium.remote.HttpCommandExecutor.execute(HttpCommandExecutor.java:190)
at org.openqa.selenium.remote.service.DriverCommandExecutor.invokeExecute(DriverCommandExecutor.java:216)
at org.openqa.selenium.remote.service.DriverCommandExecutor.execute(DriverCommandExecutor.java:174)
at org.openqa.selenium.remote.RemoteWebDriver.execute(RemoteWebDriver.java:519)
at org.openqa.selenium.remote.RemoteWebElement.execute(RemoteWebElement.java:223)
at org.openqa.selenium.remote.RemoteWebElement.sendKeys(RemoteWebElement.java:110)
at org.openqa.selenium.support.pagefactory.internal.LocatingElementHandler.invoke(LocatingElementHandler.java:51)
at jdk.proxy2/jdk.proxy2.$Proxy18.sendKeys(Unknown Source)
at PageObject.Purchase_page.SetCompany(Purchase_page.java:123)
at TestCases.TC005_purchase.purchase(TC005_purchase.java:56)
at java.base/java.util.ArrayList.forEach(ArrayList.java:1511)
... Removed 30 stack frames]]>
    </failure>
  </testcase> <!-- purchase -->
</testsuite> <!-- master1 -->
